[www.lemonsquid.com/index.html]
[backblue.gif]
[fade.gif]
[index.html]
[www.lemonsquid.com/feed/index.html]
[www.lemonsquid.com/wp-content/uploads/2019/10/oh__img9-768x960.jpg]
[www.lemonsquid.com/comments/feed/index.html]
[www.lemonsquid.com/wp-includes/js/jquery/jquery4a5f.js]
[www.lemonsquid.com/wp-includes/js/jquery/jquery-migrate.min330a.js]
[www.lemonsquid.com/wp-content/plugins/revslider/public/assets/js/rbtools.minf049.js]
[www.lemonsquid.com/wp-content/plugins/revslider/public/assets/js/rs6.min3781.js]
[www.lemonsquid.com/xmlrpc0db0.php]
[www.lemonsquid.com/wp-includes/wlwmanifest.xml]
[www.lemonsquid.com/wp-json/oembed/1.0/embed50f0.json]
[www.lemonsquid.com/wp-json/oembed/1.0/embedff8e]
[pagead2.googlesyndication.com/pagead/js/f.txt]
[www.lemonsquid.com/wp-content/uploads/2020/04/cropped-favicon-32x32.png]
[www.lemonsquid.com/wp-content/uploads/2020/04/cropped-favicon-192x192.png]
[www.lemonsquid.com/wp-content/uploads/2020/04/cropped-favicon-180x180.png]
[www.lemonsquid.com/wp-content/uploads/2020/04/darklogo.png]
[www.lemonsquid.com/wp-content/uploads/2020/04/lightlogo.png]
[www.lemonsquid.com/wp-content/uploads/2020/10/Partner_Logo_black_300x300-65x65.png]
[www.lemonsquid.com/wp-content/uploads/2020/10/LS-White-300x300.png]
[www.lemonsquid.com/wp-content/uploads/2020/04/Discord-Logo-White.png]
[www.lemonsquid.com/dmca.1a.delayed]
[www.lemonsquid.com/wp-content/plugins/contact-form-7/includes/js/scripts6725.js]
[www.lemonsquid.com/wp-includes/js/wp-embed.min91d5.js]
[www.lemonsquid.com/wp-content/plugins/js_composer/assets/js/dist/js_composer_front.min9b2d.js]
[www.lemonsquid.com/wp-content/plugins/js_composer/assets/lib/vc_waypoints/vc-waypoints.min9b2d.js]
[www.lemonsquid.com/wp-content/plugins/jetpack/modules/theme-tools/responsive-videos/responsive-videos.min4e44.js]
[www.lemonsquid.com/wp-includes/js/imagesloaded.min55a0.js]
[www.lemonsquid.com/wp-includes/js/masonry.mind617.js]
[www.lemonsquid.com/wp-includes/js/jquery/jquery.masonry.minef70.js]
[www.lemonsquid.com/wp-content/themes/ohio/assets/js/libs/jquery.clb-slider91d5.js]
[www.lemonsquid.com/wp-content/themes/ohio/assets/js/libs/jquery.mega-menu.min91d5.js]
[www.lemonsquid.com/wp-content/themes/ohio/assets/js/libs/aos.min91d5.js]
[www.lemonsquid.com/wp-content/themes/ohio/assets/js/main91d5.js]
[www.lemonsquid.com/index.html]
[stats.wp.com/e-202042.js]
[www.lemonsquid.com/wp-content/plugins/instagram-feed/img/small-logo.png]
[www.lemonsquid.com/wp-content/plugins/instagram-feed/css/sb-instagram-2-2.min8066.css]
[www.lemonsquid.com/wp-includes/css/dist/block-library/style.min91d5.css]
[www.lemonsquid.com/wp-includes/css/dist/block-library/theme.min91d5.css]
[www.lemonsquid.com/wp-content/plugins/contact-form-7/images/ajax-loader.gif]
[www.lemonsquid.com/wp-content/plugins/contact-form-7/includes/css/styles6725.css]
[www.lemonsquid.com/wp-content/plugins/revslider/public/assets/fonts/revicons/revicons90c6.eot]
[www.lemonsquid.com/wp-content/plugins/revslider/public/assets/fonts/revicons/revicons90c6.woff]
[www.lemonsquid.com/wp-content/plugins/revslider/public/assets/fonts/revicons/revicons90c6.ttf]
[www.lemonsquid.com/wp-content/plugins/revslider/public/assets/assets/gridtile.png]
[www.lemonsquid.com/wp-content/plugins/revslider/public/assets/assets/gridtile_white.png]
[www.lemonsquid.com/wp-content/plugins/revslider/public/assets/assets/gridtile_3x3.png]
[www.lemonsquid.com/wp-content/plugins/revslider/public/assets/assets/gridtile_3x3_white.png]
[www.lemonsquid.com/wp-content/plugins/revslider/public/assets/assets/coloredbg.png]
[www.lemonsquid.com/wp-content/plugins/revslider/public/assets/css/rs63781.css]
[www.lemonsquid.com/wp-content/plugins/revslider/public/assets/assets/loader.gif]
[www.lemonsquid.com/wp-content/themes/ohio/images/bg-full.jpg]
[www.lemonsquid.com/wp-content/themes/ohio/stylef269.css]
[www.lemonsquid.com/wp-content/plugins/js_composer/assets/vc/alert.png]
[www.lemonsquid.com/wp-content/plugins/js_composer/assets/vc/info.png]
[www.lemonsquid.com/wp-content/plugins/js_composer/assets/vc/tick.png]
[www.lemonsquid.com/wp-content/plugins/js_composer/assets/vc/exclamation.png]
[www.lemonsquid.com/wp-content/plugins/js_composer/assets/images/icons/address-book.png]
[www.lemonsquid.com/wp-content/plugins/js_composer/assets/images/icons/alarm-clock.png]
[www.lemonsquid.com/wp-content/plugins/js_composer/assets/images/icons/anchor.png]
[www.lemonsquid.com/wp-content/plugins/js_composer/assets/images/icons/application-image.png]
[www.lemonsquid.com/wp-content/plugins/js_composer/assets/images/icons/arrow.png]
[www.lemonsquid.com/wp-content/plugins/js_composer/assets/images/icons/asterisk.png]
[www.lemonsquid.com/wp-content/plugins/js_composer/assets/images/icons/auction-hammer.png]
[www.lemonsquid.com/wp-content/plugins/js_composer/assets/images/icons/balloon.png]
[www.lemonsquid.com/wp-content/plugins/js_composer/assets/images/icons/balloon-buzz.png]
[www.lemonsquid.com/wp-content/plugins/js_composer/assets/images/icons/balloon-facebook.png]
[www.lemonsquid.com/wp-content/plugins/js_composer/assets/images/icons/balloon-twitter.png]
[www.lemonsquid.com/wp-content/plugins/js_composer/assets/images/icons/battery-full.png]
[www.lemonsquid.com/wp-content/plugins/js_composer/assets/images/icons/binocular.png]
[www.lemonsquid.com/wp-content/plugins/js_composer/assets/images/icons/blue-document-excel.png]
[www.lemonsquid.com/wp-content/plugins/js_composer/assets/images/icons/blue-document-image.png]
[www.lemonsquid.com/wp-content/plugins/js_composer/assets/images/icons/blue-document-music.png]
[www.lemonsquid.com/wp-content/plugins/js_composer/assets/images/icons/blue-document-office.png]
[www.lemonsquid.com/wp-content/plugins/js_composer/assets/images/icons/blue-document-pdf.png]
[www.lemonsquid.com/wp-content/plugins/js_composer/assets/images/icons/blue-document-powerpoint.png]
[www.lemonsquid.com/wp-content/plugins/js_composer/assets/images/icons/blue-document-word.png]
[www.lemonsquid.com/wp-content/plugins/js_composer/assets/images/icons/bookmark.png]
[www.lemonsquid.com/wp-content/plugins/js_composer/assets/images/icons/camcorder.png]
[www.lemonsquid.com/wp-content/plugins/js_composer/assets/images/icons/camera.png]
[www.lemonsquid.com/wp-content/plugins/js_composer/assets/images/icons/chart.png]
[www.lemonsquid.com/wp-content/plugins/js_composer/assets/images/icons/chart-pie.png]
[www.lemonsquid.com/wp-content/plugins/js_composer/assets/images/icons/clock.png]
[www.lemonsquid.com/wp-content/plugins/js_composer/assets/images/icons/control.png]
[www.lemonsquid.com/wp-content/plugins/js_composer/assets/images/icons/fire.png]
[www.lemonsquid.com/wp-content/plugins/js_composer/assets/images/icons/heart.png]
[www.lemonsquid.com/wp-content/plugins/js_composer/assets/images/icons/mail.png]
[www.lemonsquid.com/wp-content/plugins/js_composer/assets/images/icons/plus-shield.png]
[www.lemonsquid.com/wp-content/plugins/js_composer/assets/images/icons/video.png]
[www.lemonsquid.com/wp-content/plugins/js_composer/assets/fonts/vc_icons_v2/fonts/vcpb-plugin-iconsb82a.eot]
[www.lemonsquid.com/wp-content/plugins/js_composer/assets/fonts/vc_icons_v2/fonts/vcpb-plugin-iconsb82a.ttf]
[www.lemonsquid.com/wp-content/plugins/js_composer/assets/fonts/vc_icons_v2/fonts/vcpb-plugin-iconsb82a.woff]
[www.lemonsquid.com/wp-content/plugins/js_composer/assets/images/toggle_open.png]
[www.lemonsquid.com/wp-content/plugins/js_composer/assets/images/toggle_close.png]
[www.lemonsquid.com/wp-content/plugins/js_composer/assets/images/flickr.png]
[www.lemonsquid.com/wp-content/plugins/js_composer/assets/fonts/vc_grid/vc_grid_v157a1.eot]
[www.lemonsquid.com/wp-content/plugins/js_composer/assets/fonts/vc_grid/vc_grid_v1d41d.eot]
[www.lemonsquid.com/wp-content/plugins/js_composer/assets/fonts/vc_grid/vc_grid_v157a1.woff]
[www.lemonsquid.com/wp-content/plugins/js_composer/assets/fonts/vc_grid/vc_grid_v157a1.ttf]
[www.lemonsquid.com/wp-content/plugins/js_composer/assets/images/spinner.gif]
[www.lemonsquid.com/wp-content/plugins/js_composer/assets/vc/remove.png]
[www.lemonsquid.com/wp-content/plugins/js_composer/assets/css/js_composer.min9b2d.css]
[www.lemonsquid.com/wp-content/plugins/jetpack/modules/carousel/images/arrows.png]
[www.lemonsquid.com/wp-content/plugins/jetpack/modules/carousel/images/arrows-2x.png]
[www.lemonsquid.com/wp-content/plugins/jetpack/modules/carousel/images/carousel-spritee4da.png]
[www.lemonsquid.com/wp-content/plugins/jetpack/modules/carousel/images/carousel-sprite-2xe4da.png]
[www.lemonsquid.com/wp-content/plugins/jetpack/modules/shortcodes/img/slideshow-controls.png]
[www.lemonsquid.com/wp-content/plugins/jetpack/modules/shortcodes/img/slideshow-controls-2x.png]
[www.lemonsquid.com/wp-content/plugins/jetpack/modules/shortcodes/images/slide-nav.png]
[www.lemonsquid.com/wp-content/plugins/jetpack/modules/shortcodes/images/expand.png]
[www.lemonsquid.com/wp-content/plugins/jetpack/modules/shortcodes/images/collapse.png]
[secure.gravatar.com/images/grav-share-sprite.png]
[www.lemonsquid.com/wp-content/plugins/jetpack/css/jetpack0cd6.css]
[www.lemonsquid.com/dmca.html]
[www.lemonsquid.com/wp-content/plugins/js_composer/assets/lib/bower/animate-css/animate.min9b2d.css]
[www.lemonsquid.com/wp-content/themes/ohio/assets/fonts/ionicons/webfonts/ionicons1fc6.eot]
[www.lemonsquid.com/wp-content/themes/ohio/assets/fonts/ionicons/webfonts/ionicons1fc6.woff]
[www.lemonsquid.com/wp-content/themes/ohio/assets/fonts/ionicons/webfonts/ionicons1fc6.ttf]
[www.lemonsquid.com/wp-content/themes/ohio/assets/fonts/ionicons/css/ionicons.min91d5.css]
[www.lemonsquid.com/wp-content/themes/ohio/assets/fonts/fa/webfonts/fa-brands-400.eot]
[www.lemonsquid.com/wp-content/themes/ohio/assets/fonts/fa/webfonts/fa-brands-400.woff]
[www.lemonsquid.com/wp-content/themes/ohio/assets/fonts/fa/webfonts/fa-brands-400.ttf]
[www.lemonsquid.com/wp-content/themes/ohio/assets/fonts/fa/css/fontawesome.min91d5.css]
[www.lemonsquid.com/wp-content/plugins/revslider/public/assets/fonts/revicons/revicons90c6.svg]
[www.lemonsquid.com/wp-content/plugins/revslider/public/assets/css/openhand.html]
[www.lemonsquid.com/wp-content/plugins/revslider/public/assets/css/closedhand.html]
[www.lemonsquid.com/wp-content/themes/ohio/images/bg-full.html]
[www.lemonsquid.com/wp-content/themes/ohio/assets/images/pattern.svg]
[www.lemonsquid.com/wp-content/themes/ohio/assets/images/pattern_inverse.svg]
[www.lemonsquid.com/wp-content/plugins/js_composer/assets/fonts/vc_icons_v2/fonts/vcpb-plugin-iconsb82a.svg]
[www.lemonsquid.com/wp-content/plugins/js_composer/assets/vc/blur.svg]
[www.lemonsquid.com/wp-content/plugins/js_composer/assets/fonts/vc_grid/vc_grid_v157a1.svg]
[www.lemonsquid.com/wp-content/themes/ohio/assets/fonts/ionicons/webfonts/ionicons1fc6.html]
[www.lemonsquid.com/wp-content/themes/ohio/assets/fonts/ionicons/webfonts/ionicons1fc6.svg]
[www.lemonsquid.com/wp-content/themes/ohio/assets/fonts/fa/webfonts/fa-brands-400.html]
[www.lemonsquid.com/wp-content/themes/ohio/assets/fonts/fa/webfonts/fa-brands-400.svg]
